Running: /home/alex/ISE/14.7/ISE_DS/ISE/bin/lin64/unwrapped/fuse -relaunch -intstyle "ise" -incremental -lib "unisims_ver" -lib "unimacro_ver" -lib "xilinxcorelib_ver" -o "/home/alex/ISE/Projects/zork/tb_forbidden_isim_beh.exe" -prj "/home/alex/ISE/Projects/zork/tb_forbidden_beh.prj" "work.tb_forbidden" "work.glbl" 
ISim P.20131013 (signature 0xfbc00daa)
Number of CPUs detected in this system: 4
Turning on mult-threading, number of parallel sub-compilation jobs: 8 
Determining compilation order of HDL files
Analyzing Verilog file "/home/alex/ISE/Projects/zork/PIPO.v" into library work
Analyzing Verilog file "/home/alex/ISE/Projects/zork/forbidden_moves.v" into library work
Analyzing Verilog file "/home/alex/ISE/Projects/zork/tb_forbidden.v" into library work
Analyzing Verilog file "/home/alex/ISE/14.7/ISE_DS/ISE//verilog/src/glbl.v" into library work
Starting static elaboration
Completed static elaboration
Fuse Memory Usage: 94628 KB
Fuse CPU Usage: 1280 ms
Compiling module PIPO(DW=3)
Compiling module forbidden_moves
Compiling module tb_forbidden
Compiling module glbl
Time Resolution for simulation is 1ps.
Compiled 4 Verilog Units
Built simulation executable /home/alex/ISE/Projects/zork/tb_forbidden_isim_beh.exe
Fuse Memory Usage: 654836 KB
Fuse CPU Usage: 1290 ms
GCC CPU Usage: 120 ms
