Welcome to Xilinx CORE Generator.
Help system initialized.
The IP Catalog has been reloaded.
Opening project file /home/alex/ISE/Projects/zork/ipcore_dir/coregen.cgp.
Recustomize and Generate (Under Original Project Settings)INFO:sim:172 - Generating IP...
WARNING:sim - A core named 'labyrinth_ram' already exists in the project. Output
   products for this core may be overwritten.
Resolving generics for 'labyrinth_ram'...
WARNING:sim - A core named 'labyrinth_ram' already exists in the project. Output
   products for this core may be overwritten.
Applying external generics to 'labyrinth_ram'...
Delivering associated files for 'labyrinth_ram'...
Delivering EJava files for 'labyrinth_ram'...
Generating implementation netlist for 'labyrinth_ram'...
INFO:sim - Pre-processing HDL files for 'labyrinth_ram'...
Running synthesis for 'labyrinth_ram'
Running ngcbuild...
Writing VEO instantiation template for 'labyrinth_ram'...
Writing Verilog behavioral simulation model for 'labyrinth_ram'...
WARNING:sim - Overwriting existing file
   /home/alex/ISE/Projects/zork/ipcore_dir/tmp/_cg/labyrinth_ram/doc/blk_mem_gen
   _v7_3_vinfo.html with file from view xilinx_documentation
Delivered 1 file into directory
/home/alex/ISE/Projects/zork/ipcore_dir/tmp/_cg/labyrinth_ram
Generating ASY schematic symbol...
INFO:sim:949 - Finished generation of ASY schematic symbol.
Generating metadata file...
Regenerating ISE project file for 'labyrinth_ram'...
Generating ISE project...
XCO file found: labyrinth_ram.xco
XMDF file found: labyrinth_ram_xmdf.tcl
Adding /home/alex/ISE/Projects/zork/ipcore_dir/tmp/_cg/labyrinth_ram.asy -view
all -origin_type imported
Adding /home/alex/ISE/Projects/zork/ipcore_dir/tmp/_cg/labyrinth_ram.ngc -view
all -origin_type created
Checking file
"/home/alex/ISE/Projects/zork/ipcore_dir/tmp/_cg/labyrinth_ram.ngc" for project
device match ...
File "/home/alex/ISE/Projects/zork/ipcore_dir/tmp/_cg/labyrinth_ram.ngc" device
information matches project device.
Adding /home/alex/ISE/Projects/zork/ipcore_dir/tmp/_cg/labyrinth_ram.v -view all
-origin_type created
INFO:HDLCompiler:1845 - Analyzing Verilog file
   "/home/alex/ISE/Projects/zork/ipcore_dir/tmp/_cg/labyrinth_ram.v" into
   library work
INFO:ProjectMgmt - Parsing design hierarchy completed successfully.
Adding /home/alex/ISE/Projects/zork/ipcore_dir/tmp/_cg/labyrinth_ram.veo -view
all -origin_type imported
INFO:TclTasksC:2116 - The automatic calculation of top has been turned-off.
   Please set the new top explicitly by running the "project set top" command.
   To re-calculate the new top automatically, set the "Auto Implementation Top"
   property to true.
Top level has been set to "/labyrinth_ram"
Generating README file...
Generating FLIST file...
INFO:sim:948 - Finished FLIST file generation.
Launching README viewer...
Moving files to output directory...
Finished moving files to output directory
Saved CGP file for project 'coregen'.
Recustomize and Generate (Under Original Project Settings)INFO:sim:172 - Generating IP...
WARNING:sim - A core named 'labyrinth_ram' already exists in the project. Output
   products for this core may be overwritten.
Resolving generics for 'labyrinth_ram'...
WARNING:sim - A core named 'labyrinth_ram' already exists in the project. Output
   products for this core may be overwritten.
Applying external generics to 'labyrinth_ram'...
Delivering associated files for 'labyrinth_ram'...
Delivering EJava files for 'labyrinth_ram'...
Generating implementation netlist for 'labyrinth_ram'...
INFO:sim - Pre-processing HDL files for 'labyrinth_ram'...
Running synthesis for 'labyrinth_ram'
Running ngcbuild...
Writing VEO instantiation template for 'labyrinth_ram'...
Writing Verilog behavioral simulation model for 'labyrinth_ram'...
WARNING:sim - Overwriting existing file
   /home/alex/ISE/Projects/zork/ipcore_dir/tmp/_cg/labyrinth_ram/doc/blk_mem_gen
   _v7_3_vinfo.html with file from view xilinx_documentation
Delivered 1 file into directory
/home/alex/ISE/Projects/zork/ipcore_dir/tmp/_cg/labyrinth_ram
Generating ASY schematic symbol...
INFO:sim:949 - Finished generation of ASY schematic symbol.
Generating metadata file...
Regenerating ISE project file for 'labyrinth_ram'...
Generating ISE project...
XCO file found: labyrinth_ram.xco
XMDF file found: labyrinth_ram_xmdf.tcl
Adding /home/alex/ISE/Projects/zork/ipcore_dir/tmp/_cg/labyrinth_ram.asy -view
all -origin_type imported
Adding /home/alex/ISE/Projects/zork/ipcore_dir/tmp/_cg/labyrinth_ram.ngc -view
all -origin_type created
Checking file
"/home/alex/ISE/Projects/zork/ipcore_dir/tmp/_cg/labyrinth_ram.ngc" for project
device match ...
File "/home/alex/ISE/Projects/zork/ipcore_dir/tmp/_cg/labyrinth_ram.ngc" device
information matches project device.
Adding /home/alex/ISE/Projects/zork/ipcore_dir/tmp/_cg/labyrinth_ram.v -view all
-origin_type created
INFO:HDLCompiler:1845 - Analyzing Verilog file
   "/home/alex/ISE/Projects/zork/ipcore_dir/tmp/_cg/labyrinth_ram.v" into
   library work
INFO:ProjectMgmt - Parsing design hierarchy completed successfully.
Adding /home/alex/ISE/Projects/zork/ipcore_dir/tmp/_cg/labyrinth_ram.veo -view
all -origin_type imported
INFO:TclTasksC:2116 - The automatic calculation of top has been turned-off.
   Please set the new top explicitly by running the "project set top" command.
   To re-calculate the new top automatically, set the "Auto Implementation Top"
   property to true.
Top level has been set to "/labyrinth_ram"
Generating README file...
Generating FLIST file...
INFO:sim:948 - Finished FLIST file generation.
Launching README viewer...
Moving files to output directory...
Finished moving files to output directory
Saved CGP file for project 'coregen'.
Closed project file.
