Command line:
   vga_control_isim_beh.exe
     -simmode  gui
     -simrunnum  0
     -socket  42703

Thu May 12 12:15:08 2016


 Elaboration Time: 0.04 sec

 Current Memory Usage: 237.044 Meg

 Total Signals          : 16
 Total Nets             : 38
 Total Signal Drivers   : 10
 Total Blocks           : 2
 Total Primitive Blocks : 2
 Total Processes        : 13
 Total Traceable Variables  : 30
 Total Scalar Nets and Variables : 186
Total Line Count : 49

 Total Simulation Time: 0.05 sec

 Current Memory Usage: 312.545 Meg

Thu May 12 12:15:29 2016

